<html>
<head>
<title>TestNG:  suite-test</title>
<link href="../testng.css" rel="stylesheet" type="text/css" />
<link href="../my-testng.css" rel="stylesheet" type="text/css" />

<style type="text/css">
.log { display: none;} 
.stack-trace { display: none;} 
</style>
<script type="text/javascript">
<!--
function flip(e) {
  current = e.style.display;
  if (current == 'block') {
    e.style.display = 'none';
    return 0;
  }
  else {
    e.style.display = 'block';
    return 1;
  }
}

function toggleBox(szDivId, elem, msg1, msg2)
{
  var res = -1;  if (document.getElementById) {
    res = flip(document.getElementById(szDivId));
  }
  else if (document.all) {
    // this is the way old msie versions work
    res = flip(document.all[szDivId]);
  }
  if(elem) {
    if(res == 0) elem.innerHTML = msg1; else elem.innerHTML = msg2;
  }

}

function toggleAllBoxes() {
  if (document.getElementsByTagName) {
    d = document.getElementsByTagName('div');
    for (i = 0; i < d.length; i++) {
      if (d[i].className == 'log') {
        flip(d[i]);
      }
    }
  }
}

// -->
</script>

</head>
<body>
<h2 align='center'>suite-test</h2><table border='1' align="center">
<tr>
<td>Tests passed/Failed/Skipped:</td><td>50/8/0</td>
</tr><tr>
<td>Started on:</td><td>Thu Aug 10 14:25:07 ICT 2023</td>
</tr>
<tr><td>Total time:</td><td>3 seconds (3457 ms)</td>
</tr><tr>
<td>Included groups:</td><td></td>
</tr><tr>
<td>Excluded groups:</td><td></td>
</tr>
</table><p/>
<small><i>(Hover the method name to see the test class name)</i></small><p/>
<table width='100%' border='1' class='invocation-failed'>
<tr><td colspan='4' align='center'><b>FAILED TESTS</b></td></tr>
<tr><td><b>Test method</b></td>
<td><b>Attribute(s)</b></td>
<td width="30%"><b>Exception</b></td>
<td width="10%"><b>Time (seconds)</b></td>
<td><b>Instance</b></td>
</tr>
<tr>
<td title='KhuyenMaiDaoTest.insert()'><b>insert</b><br>Test class: KhuyenMaiDaoTest<br>Parameters: KM10, Tri ân khách hàng, Sat Jan 07 00:00:00 ICT 2023, Sun Jan 08 00:00:00 ICT 2023, 100, 10, 500000, 1</td>
<td><div><pre>java.lang.AssertionError: expected [0] but found [1]
	at KhuyenMaiDaoTest.insert(KhuyenMaiDaoTest.java:44)
	at java.base/java.util.ArrayList.forEach(ArrayList.java:1511)
... Removed 32 stack frames</pre></div><a href='#' onClick='toggleBox("stack-trace215078753", this, "Click to show all stack frames", "Click to hide stack frames")'>Click to show all stack frames</a>
<div class='stack-trace' id='stack-trace215078753'><pre>java.lang.AssertionError: expected [0] but found [1]
	at org.testng.Assert.fail(Assert.java:111)
	at org.testng.Assert.failNotEquals(Assert.java:1578)
	at org.testng.Assert.assertEqualsImpl(Assert.java:150)
	at org.testng.Assert.assertEquals(Assert.java:132)
	at org.testng.Assert.assertEquals(Assert.java:1419)
	at org.testng.Assert.assertEquals(Assert.java:1383)
	at org.testng.Assert.assertEquals(Assert.java:1429)
	at KhuyenMaiDaoTest.insert(KhuyenMaiDaoTest.java:44)
	at java.base/jdk.internal.reflect.DirectMethodHandleAccessor.invoke(DirectMethodHandleAccessor.java:104)
	at java.base/java.lang.reflect.Method.invoke(Method.java:577)
	at org.testng.internal.invokers.MethodInvocationHelper.invokeMethod(MethodInvocationHelper.java:139)
	at org.testng.internal.invokers.TestInvoker.invokeMethod(TestInvoker.java:664)
	at org.testng.internal.invokers.TestInvoker.invokeTestMethod(TestInvoker.java:227)
	at org.testng.internal.invokers.MethodRunner.runInSequence(MethodRunner.java:50)
	at org.testng.internal.invokers.TestInvoker$MethodInvocationAgent.invoke(TestInvoker.java:957)
	at org.testng.internal.invokers.TestInvoker.invokeTestMethods(TestInvoker.java:200)
	at org.testng.internal.invokers.TestMethodWorker.invokeTestMethods(TestMethodWorker.java:148)
	at org.testng.internal.invokers.TestMethodWorker.run(TestMethodWorker.java:128)
	at java.base/java.util.ArrayList.forEach(ArrayList.java:1511)
	at org.testng.TestRunner.privateRun(TestRunner.java:848)
	at org.testng.TestRunner.run(TestRunner.java:621)
	at org.testng.SuiteRunner.runTest(SuiteRunner.java:443)
	at org.testng.SuiteRunner.runSequentially(SuiteRunner.java:437)
	at org.testng.SuiteRunner.privateRun(SuiteRunner.java:397)
	at org.testng.SuiteRunner.run(SuiteRunner.java:336)
	at org.testng.SuiteRunnerWorker.runSuite(SuiteRunnerWorker.java:52)
	at org.testng.SuiteRunnerWorker.run(SuiteRunnerWorker.java:95)
	at org.testng.TestNG.runSuitesSequentially(TestNG.java:1280)
	at org.testng.TestNG.runSuitesLocally(TestNG.java:1200)
	at org.testng.TestNG.runSuites(TestNG.java:1114)
	at org.testng.TestNG.run(TestNG.java:1082)
	at org.testng.remote.AbstractRemoteTestNG.run(AbstractRemoteTestNG.java:115)
	at org.testng.remote.RemoteTestNG.initAndRun(RemoteTestNG.java:251)
	at org.testng.remote.RemoteTestNG.main(RemoteTestNG.java:77)
</pre></div></td>
<td>0</td>
<td>KhuyenMaiDaoTest@2d7275fc</td></tr>
<tr>
<td title='BoxDaoTest.TestGetMaxId()'><b>TestGetMaxId</b><br>Test class: BoxDaoTest</td>
<td><div><pre>java.lang.AssertionError: expected [B013L] but found [B014L]
	at BoxDaoTest.TestGetMaxId(BoxDaoTest.java:114)
	at java.base/java.util.ArrayList.forEach(ArrayList.java:1511)
... Removed 31 stack frames</pre></div><a href='#' onClick='toggleBox("stack-trace1289869008", this, "Click to show all stack frames", "Click to hide stack frames")'>Click to show all stack frames</a>
<div class='stack-trace' id='stack-trace1289869008'><pre>java.lang.AssertionError: expected [B013L] but found [B014L]
	at org.testng.Assert.fail(Assert.java:111)
	at org.testng.Assert.failNotEquals(Assert.java:1578)
	at org.testng.Assert.assertEqualsImpl(Assert.java:150)
	at org.testng.Assert.assertEquals(Assert.java:132)
	at org.testng.Assert.assertEquals(Assert.java:656)
	at org.testng.Assert.assertEquals(Assert.java:666)
	at BoxDaoTest.TestGetMaxId(BoxDaoTest.java:114)
	at java.base/jdk.internal.reflect.DirectMethodHandleAccessor.invoke(DirectMethodHandleAccessor.java:104)
	at java.base/java.lang.reflect.Method.invoke(Method.java:577)
	at org.testng.internal.invokers.MethodInvocationHelper.invokeMethod(MethodInvocationHelper.java:139)
	at org.testng.internal.invokers.TestInvoker.invokeMethod(TestInvoker.java:664)
	at org.testng.internal.invokers.TestInvoker.invokeTestMethod(TestInvoker.java:227)
	at org.testng.internal.invokers.MethodRunner.runInSequence(MethodRunner.java:50)
	at org.testng.internal.invokers.TestInvoker$MethodInvocationAgent.invoke(TestInvoker.java:957)
	at org.testng.internal.invokers.TestInvoker.invokeTestMethods(TestInvoker.java:200)
	at org.testng.internal.invokers.TestMethodWorker.invokeTestMethods(TestMethodWorker.java:148)
	at org.testng.internal.invokers.TestMethodWorker.run(TestMethodWorker.java:128)
	at java.base/java.util.ArrayList.forEach(ArrayList.java:1511)
	at org.testng.TestRunner.privateRun(TestRunner.java:848)
	at org.testng.TestRunner.run(TestRunner.java:621)
	at org.testng.SuiteRunner.runTest(SuiteRunner.java:443)
	at org.testng.SuiteRunner.runSequentially(SuiteRunner.java:437)
	at org.testng.SuiteRunner.privateRun(SuiteRunner.java:397)
	at org.testng.SuiteRunner.run(SuiteRunner.java:336)
	at org.testng.SuiteRunnerWorker.runSuite(SuiteRunnerWorker.java:52)
	at org.testng.SuiteRunnerWorker.run(SuiteRunnerWorker.java:95)
	at org.testng.TestNG.runSuitesSequentially(TestNG.java:1280)
	at org.testng.TestNG.runSuitesLocally(TestNG.java:1200)
	at org.testng.TestNG.runSuites(TestNG.java:1114)
	at org.testng.TestNG.run(TestNG.java:1082)
	at org.testng.remote.AbstractRemoteTestNG.run(AbstractRemoteTestNG.java:115)
	at org.testng.remote.RemoteTestNG.initAndRun(RemoteTestNG.java:251)
	at org.testng.remote.RemoteTestNG.main(RemoteTestNG.java:77)
</pre></div></td>
<td>0</td>
<td>BoxDaoTest@515aebb0</td></tr>
<tr>
<td title='KhuyenMaiDaoTest.TestFindById()'><b>TestFindById</b><br>Test class: KhuyenMaiDaoTest</td>
<td><div><pre>java.lang.NullPointerException: Cannot invoke &quot;com.boxcf.models.KhuyenMai.getMaKM()&quot; because &quot;kmGeted&quot; is null
	at KhuyenMaiDaoTest.TestFindById(KhuyenMaiDaoTest.java:68)
	at java.base/java.util.ArrayList.forEach(ArrayList.java:1511)
... Removed 25 stack frames</pre></div><a href='#' onClick='toggleBox("stack-trace686560878", this, "Click to show all stack frames", "Click to hide stack frames")'>Click to show all stack frames</a>
<div class='stack-trace' id='stack-trace686560878'><pre>java.lang.NullPointerException: Cannot invoke &quot;com.boxcf.models.KhuyenMai.getMaKM()&quot; because &quot;kmGeted&quot; is null
	at KhuyenMaiDaoTest.TestFindById(KhuyenMaiDaoTest.java:68)
	at java.base/jdk.internal.reflect.DirectMethodHandleAccessor.invoke(DirectMethodHandleAccessor.java:104)
	at java.base/java.lang.reflect.Method.invoke(Method.java:577)
	at org.testng.internal.invokers.MethodInvocationHelper.invokeMethod(MethodInvocationHelper.java:139)
	at org.testng.internal.invokers.TestInvoker.invokeMethod(TestInvoker.java:664)
	at org.testng.internal.invokers.TestInvoker.invokeTestMethod(TestInvoker.java:227)
	at org.testng.internal.invokers.MethodRunner.runInSequence(MethodRunner.java:50)
	at org.testng.internal.invokers.TestInvoker$MethodInvocationAgent.invoke(TestInvoker.java:957)
	at org.testng.internal.invokers.TestInvoker.invokeTestMethods(TestInvoker.java:200)
	at org.testng.internal.invokers.TestMethodWorker.invokeTestMethods(TestMethodWorker.java:148)
	at org.testng.internal.invokers.TestMethodWorker.run(TestMethodWorker.java:128)
	at java.base/java.util.ArrayList.forEach(ArrayList.java:1511)
	at org.testng.TestRunner.privateRun(TestRunner.java:848)
	at org.testng.TestRunner.run(TestRunner.java:621)
	at org.testng.SuiteRunner.runTest(SuiteRunner.java:443)
	at org.testng.SuiteRunner.runSequentially(SuiteRunner.java:437)
	at org.testng.SuiteRunner.privateRun(SuiteRunner.java:397)
	at org.testng.SuiteRunner.run(SuiteRunner.java:336)
	at org.testng.SuiteRunnerWorker.runSuite(SuiteRunnerWorker.java:52)
	at org.testng.SuiteRunnerWorker.run(SuiteRunnerWorker.java:95)
	at org.testng.TestNG.runSuitesSequentially(TestNG.java:1280)
	at org.testng.TestNG.runSuitesLocally(TestNG.java:1200)
	at org.testng.TestNG.runSuites(TestNG.java:1114)
	at org.testng.TestNG.run(TestNG.java:1082)
	at org.testng.remote.AbstractRemoteTestNG.run(AbstractRemoteTestNG.java:115)
	at org.testng.remote.RemoteTestNG.initAndRun(RemoteTestNG.java:251)
	at org.testng.remote.RemoteTestNG.main(RemoteTestNG.java:77)
</pre></div></td>
<td>0</td>
<td>KhuyenMaiDaoTest@2d7275fc</td></tr>
<tr>
<td title='KhuyenMaiDaoTest.insert()'><b>insert</b><br>Test class: KhuyenMaiDaoTest<br>Parameters: KM10, Tri ân khách hàng, null, Sun Jan 08 00:00:00 ICT 2023, 100, 10, 500000, 0</td>
<td><div><pre>java.lang.AssertionError: expected [1] but found [0]
	at KhuyenMaiDaoTest.insert(KhuyenMaiDaoTest.java:44)
	at java.base/java.util.ArrayList.forEach(ArrayList.java:1511)
... Removed 32 stack frames</pre></div><a href='#' onClick='toggleBox("stack-trace1940055334", this, "Click to show all stack frames", "Click to hide stack frames")'>Click to show all stack frames</a>
<div class='stack-trace' id='stack-trace1940055334'><pre>java.lang.AssertionError: expected [1] but found [0]
	at org.testng.Assert.fail(Assert.java:111)
	at org.testng.Assert.failNotEquals(Assert.java:1578)
	at org.testng.Assert.assertEqualsImpl(Assert.java:150)
	at org.testng.Assert.assertEquals(Assert.java:132)
	at org.testng.Assert.assertEquals(Assert.java:1419)
	at org.testng.Assert.assertEquals(Assert.java:1383)
	at org.testng.Assert.assertEquals(Assert.java:1429)
	at KhuyenMaiDaoTest.insert(KhuyenMaiDaoTest.java:44)
	at java.base/jdk.internal.reflect.DirectMethodHandleAccessor.invoke(DirectMethodHandleAccessor.java:104)
	at java.base/java.lang.reflect.Method.invoke(Method.java:577)
	at org.testng.internal.invokers.MethodInvocationHelper.invokeMethod(MethodInvocationHelper.java:139)
	at org.testng.internal.invokers.TestInvoker.invokeMethod(TestInvoker.java:664)
	at org.testng.internal.invokers.TestInvoker.invokeTestMethod(TestInvoker.java:227)
	at org.testng.internal.invokers.MethodRunner.runInSequence(MethodRunner.java:50)
	at org.testng.internal.invokers.TestInvoker$MethodInvocationAgent.invoke(TestInvoker.java:957)
	at org.testng.internal.invokers.TestInvoker.invokeTestMethods(TestInvoker.java:200)
	at org.testng.internal.invokers.TestMethodWorker.invokeTestMethods(TestMethodWorker.java:148)
	at org.testng.internal.invokers.TestMethodWorker.run(TestMethodWorker.java:128)
	at java.base/java.util.ArrayList.forEach(ArrayList.java:1511)
	at org.testng.TestRunner.privateRun(TestRunner.java:848)
	at org.testng.TestRunner.run(TestRunner.java:621)
	at org.testng.SuiteRunner.runTest(SuiteRunner.java:443)
	at org.testng.SuiteRunner.runSequentially(SuiteRunner.java:437)
	at org.testng.SuiteRunner.privateRun(SuiteRunner.java:397)
	at org.testng.SuiteRunner.run(SuiteRunner.java:336)
	at org.testng.SuiteRunnerWorker.runSuite(SuiteRunnerWorker.java:52)
	at org.testng.SuiteRunnerWorker.run(SuiteRunnerWorker.java:95)
	at org.testng.TestNG.runSuitesSequentially(TestNG.java:1280)
	at org.testng.TestNG.runSuitesLocally(TestNG.java:1200)
	at org.testng.TestNG.runSuites(TestNG.java:1114)
	at org.testng.TestNG.run(TestNG.java:1082)
	at org.testng.remote.AbstractRemoteTestNG.run(AbstractRemoteTestNG.java:115)
	at org.testng.remote.RemoteTestNG.initAndRun(RemoteTestNG.java:251)
	at org.testng.remote.RemoteTestNG.main(RemoteTestNG.java:77)
</pre></div></td>
<td>0</td>
<td>KhuyenMaiDaoTest@2d7275fc</td></tr>
<tr>
<td title='KhuyenMaiDaoTest.TestFinByCondition()'><b>TestFinByCondition</b><br>Test class: KhuyenMaiDaoTest</td>
<td><div><pre>java.lang.AssertionError: expected [0] but found [3]
	at KhuyenMaiDaoTest.TestFinByCondition(KhuyenMaiDaoTest.java:102)
	at java.base/java.util.ArrayList.forEach(ArrayList.java:1511)
... Removed 32 stack frames</pre></div><a href='#' onClick='toggleBox("stack-trace891461509", this, "Click to show all stack frames", "Click to hide stack frames")'>Click to show all stack frames</a>
<div class='stack-trace' id='stack-trace891461509'><pre>java.lang.AssertionError: expected [0] but found [3]
	at org.testng.Assert.fail(Assert.java:111)
	at org.testng.Assert.failNotEquals(Assert.java:1578)
	at org.testng.Assert.assertEqualsImpl(Assert.java:150)
	at org.testng.Assert.assertEquals(Assert.java:132)
	at org.testng.Assert.assertEquals(Assert.java:1419)
	at org.testng.Assert.assertEquals(Assert.java:1383)
	at org.testng.Assert.assertEquals(Assert.java:1429)
	at KhuyenMaiDaoTest.TestFinByCondition(KhuyenMaiDaoTest.java:102)
	at java.base/jdk.internal.reflect.DirectMethodHandleAccessor.invoke(DirectMethodHandleAccessor.java:104)
	at java.base/java.lang.reflect.Method.invoke(Method.java:577)
	at org.testng.internal.invokers.MethodInvocationHelper.invokeMethod(MethodInvocationHelper.java:139)
	at org.testng.internal.invokers.TestInvoker.invokeMethod(TestInvoker.java:664)
	at org.testng.internal.invokers.TestInvoker.invokeTestMethod(TestInvoker.java:227)
	at org.testng.internal.invokers.MethodRunner.runInSequence(MethodRunner.java:50)
	at org.testng.internal.invokers.TestInvoker$MethodInvocationAgent.invoke(TestInvoker.java:957)
	at org.testng.internal.invokers.TestInvoker.invokeTestMethods(TestInvoker.java:200)
	at org.testng.internal.invokers.TestMethodWorker.invokeTestMethods(TestMethodWorker.java:148)
	at org.testng.internal.invokers.TestMethodWorker.run(TestMethodWorker.java:128)
	at java.base/java.util.ArrayList.forEach(ArrayList.java:1511)
	at org.testng.TestRunner.privateRun(TestRunner.java:848)
	at org.testng.TestRunner.run(TestRunner.java:621)
	at org.testng.SuiteRunner.runTest(SuiteRunner.java:443)
	at org.testng.SuiteRunner.runSequentially(SuiteRunner.java:437)
	at org.testng.SuiteRunner.privateRun(SuiteRunner.java:397)
	at org.testng.SuiteRunner.run(SuiteRunner.java:336)
	at org.testng.SuiteRunnerWorker.runSuite(SuiteRunnerWorker.java:52)
	at org.testng.SuiteRunnerWorker.run(SuiteRunnerWorker.java:95)
	at org.testng.TestNG.runSuitesSequentially(TestNG.java:1280)
	at org.testng.TestNG.runSuitesLocally(TestNG.java:1200)
	at org.testng.TestNG.runSuites(TestNG.java:1114)
	at org.testng.TestNG.run(TestNG.java:1082)
	at org.testng.remote.AbstractRemoteTestNG.run(AbstractRemoteTestNG.java:115)
	at org.testng.remote.RemoteTestNG.initAndRun(RemoteTestNG.java:251)
	at org.testng.remote.RemoteTestNG.main(RemoteTestNG.java:77)
</pre></div></td>
<td>0</td>
<td>KhuyenMaiDaoTest@2d7275fc</td></tr>
<tr>
<td title='KhuyenMaiDaoTest.TestFinByKeyword()'><b>TestFinByKeyword</b><br>Test class: KhuyenMaiDaoTest</td>
<td><div><pre>java.lang.AssertionError: expected [0] but found [1]
	at KhuyenMaiDaoTest.TestFinByKeyword(KhuyenMaiDaoTest.java:75)
	at java.base/java.util.ArrayList.forEach(ArrayList.java:1511)
... Removed 32 stack frames</pre></div><a href='#' onClick='toggleBox("stack-trace1770437551", this, "Click to show all stack frames", "Click to hide stack frames")'>Click to show all stack frames</a>
<div class='stack-trace' id='stack-trace1770437551'><pre>java.lang.AssertionError: expected [0] but found [1]
	at org.testng.Assert.fail(Assert.java:111)
	at org.testng.Assert.failNotEquals(Assert.java:1578)
	at org.testng.Assert.assertEqualsImpl(Assert.java:150)
	at org.testng.Assert.assertEquals(Assert.java:132)
	at org.testng.Assert.assertEquals(Assert.java:1419)
	at org.testng.Assert.assertEquals(Assert.java:1383)
	at org.testng.Assert.assertEquals(Assert.java:1429)
	at KhuyenMaiDaoTest.TestFinByKeyword(KhuyenMaiDaoTest.java:75)
	at java.base/jdk.internal.reflect.DirectMethodHandleAccessor.invoke(DirectMethodHandleAccessor.java:104)
	at java.base/java.lang.reflect.Method.invoke(Method.java:577)
	at org.testng.internal.invokers.MethodInvocationHelper.invokeMethod(MethodInvocationHelper.java:139)
	at org.testng.internal.invokers.TestInvoker.invokeMethod(TestInvoker.java:664)
	at org.testng.internal.invokers.TestInvoker.invokeTestMethod(TestInvoker.java:227)
	at org.testng.internal.invokers.MethodRunner.runInSequence(MethodRunner.java:50)
	at org.testng.internal.invokers.TestInvoker$MethodInvocationAgent.invoke(TestInvoker.java:957)
	at org.testng.internal.invokers.TestInvoker.invokeTestMethods(TestInvoker.java:200)
	at org.testng.internal.invokers.TestMethodWorker.invokeTestMethods(TestMethodWorker.java:148)
	at org.testng.internal.invokers.TestMethodWorker.run(TestMethodWorker.java:128)
	at java.base/java.util.ArrayList.forEach(ArrayList.java:1511)
	at org.testng.TestRunner.privateRun(TestRunner.java:848)
	at org.testng.TestRunner.run(TestRunner.java:621)
	at org.testng.SuiteRunner.runTest(SuiteRunner.java:443)
	at org.testng.SuiteRunner.runSequentially(SuiteRunner.java:437)
	at org.testng.SuiteRunner.privateRun(SuiteRunner.java:397)
	at org.testng.SuiteRunner.run(SuiteRunner.java:336)
	at org.testng.SuiteRunnerWorker.runSuite(SuiteRunnerWorker.java:52)
	at org.testng.SuiteRunnerWorker.run(SuiteRunnerWorker.java:95)
	at org.testng.TestNG.runSuitesSequentially(TestNG.java:1280)
	at org.testng.TestNG.runSuitesLocally(TestNG.java:1200)
	at org.testng.TestNG.runSuites(TestNG.java:1114)
	at org.testng.TestNG.run(TestNG.java:1082)
	at org.testng.remote.AbstractRemoteTestNG.run(AbstractRemoteTestNG.java:115)
	at org.testng.remote.RemoteTestNG.initAndRun(RemoteTestNG.java:251)
	at org.testng.remote.RemoteTestNG.main(RemoteTestNG.java:77)
</pre></div></td>
<td>0</td>
<td>KhuyenMaiDaoTest@2d7275fc</td></tr>
<tr>
<td title='NhanVienDaoTest.insert()'><b>insert</b><br>Test class: NhanVienDaoTest<br>Parameters: NV10, Phạm Thị Ngân, null, 0964909321, Cần Thơ, 123456, no image, Thu Feb 02 00:00:00 ICT 2023, User, false, 0</td>
<td><div><pre>java.lang.AssertionError: expected [1] but found [0]
	at NhanVienDaoTest.insert(NhanVienDaoTest.java:64)
	at java.base/java.util.ArrayList.forEach(ArrayList.java:1511)
... Removed 32 stack frames</pre></div><a href='#' onClick='toggleBox("stack-trace484199463", this, "Click to show all stack frames", "Click to hide stack frames")'>Click to show all stack frames</a>
<div class='stack-trace' id='stack-trace484199463'><pre>java.lang.AssertionError: expected [1] but found [0]
	at org.testng.Assert.fail(Assert.java:111)
	at org.testng.Assert.failNotEquals(Assert.java:1578)
	at org.testng.Assert.assertEqualsImpl(Assert.java:150)
	at org.testng.Assert.assertEquals(Assert.java:132)
	at org.testng.Assert.assertEquals(Assert.java:1419)
	at org.testng.Assert.assertEquals(Assert.java:1383)
	at org.testng.Assert.assertEquals(Assert.java:1429)
	at NhanVienDaoTest.insert(NhanVienDaoTest.java:64)
	at java.base/jdk.internal.reflect.DirectMethodHandleAccessor.invoke(DirectMethodHandleAccessor.java:104)
	at java.base/java.lang.reflect.Method.invoke(Method.java:577)
	at org.testng.internal.invokers.MethodInvocationHelper.invokeMethod(MethodInvocationHelper.java:139)
	at org.testng.internal.invokers.TestInvoker.invokeMethod(TestInvoker.java:664)
	at org.testng.internal.invokers.TestInvoker.invokeTestMethod(TestInvoker.java:227)
	at org.testng.internal.invokers.MethodRunner.runInSequence(MethodRunner.java:50)
	at org.testng.internal.invokers.TestInvoker$MethodInvocationAgent.invoke(TestInvoker.java:957)
	at org.testng.internal.invokers.TestInvoker.invokeTestMethods(TestInvoker.java:200)
	at org.testng.internal.invokers.TestMethodWorker.invokeTestMethods(TestMethodWorker.java:148)
	at org.testng.internal.invokers.TestMethodWorker.run(TestMethodWorker.java:128)
	at java.base/java.util.ArrayList.forEach(ArrayList.java:1511)
	at org.testng.TestRunner.privateRun(TestRunner.java:848)
	at org.testng.TestRunner.run(TestRunner.java:621)
	at org.testng.SuiteRunner.runTest(SuiteRunner.java:443)
	at org.testng.SuiteRunner.runSequentially(SuiteRunner.java:437)
	at org.testng.SuiteRunner.privateRun(SuiteRunner.java:397)
	at org.testng.SuiteRunner.run(SuiteRunner.java:336)
	at org.testng.SuiteRunnerWorker.runSuite(SuiteRunnerWorker.java:52)
	at org.testng.SuiteRunnerWorker.run(SuiteRunnerWorker.java:95)
	at org.testng.TestNG.runSuitesSequentially(TestNG.java:1280)
	at org.testng.TestNG.runSuitesLocally(TestNG.java:1200)
	at org.testng.TestNG.runSuites(TestNG.java:1114)
	at org.testng.TestNG.run(TestNG.java:1082)
	at org.testng.remote.AbstractRemoteTestNG.run(AbstractRemoteTestNG.java:115)
	at org.testng.remote.RemoteTestNG.initAndRun(RemoteTestNG.java:251)
	at org.testng.remote.RemoteTestNG.main(RemoteTestNG.java:77)
</pre></div></td>
<td>0</td>
<td>NhanVienDaoTest@399f45b1</td></tr>
<tr>
<td title='NhanVienDaoTest.insert()'><b>insert</b><br>Test class: NhanVienDaoTest<br>Parameters: NV10, Phạm Thị Ngân, Sat Feb 02 00:00:00 ICT 2002, 0964909321, Cần Thơ, 123456, no image, Thu Feb 02 00:00:00 ICT 2023, User, false, 1</td>
<td><div><pre>java.lang.AssertionError: expected [0] but found [1]
	at NhanVienDaoTest.insert(NhanVienDaoTest.java:64)
	at java.base/java.util.ArrayList.forEach(ArrayList.java:1511)
... Removed 32 stack frames</pre></div><a href='#' onClick='toggleBox("stack-trace1653361344", this, "Click to show all stack frames", "Click to hide stack frames")'>Click to show all stack frames</a>
<div class='stack-trace' id='stack-trace1653361344'><pre>java.lang.AssertionError: expected [0] but found [1]
	at org.testng.Assert.fail(Assert.java:111)
	at org.testng.Assert.failNotEquals(Assert.java:1578)
	at org.testng.Assert.assertEqualsImpl(Assert.java:150)
	at org.testng.Assert.assertEquals(Assert.java:132)
	at org.testng.Assert.assertEquals(Assert.java:1419)
	at org.testng.Assert.assertEquals(Assert.java:1383)
	at org.testng.Assert.assertEquals(Assert.java:1429)
	at NhanVienDaoTest.insert(NhanVienDaoTest.java:64)
	at java.base/jdk.internal.reflect.DirectMethodHandleAccessor.invoke(DirectMethodHandleAccessor.java:104)
	at java.base/java.lang.reflect.Method.invoke(Method.java:577)
	at org.testng.internal.invokers.MethodInvocationHelper.invokeMethod(MethodInvocationHelper.java:139)
	at org.testng.internal.invokers.TestInvoker.invokeMethod(TestInvoker.java:664)
	at org.testng.internal.invokers.TestInvoker.invokeTestMethod(TestInvoker.java:227)
	at org.testng.internal.invokers.MethodRunner.runInSequence(MethodRunner.java:50)
	at org.testng.internal.invokers.TestInvoker$MethodInvocationAgent.invoke(TestInvoker.java:957)
	at org.testng.internal.invokers.TestInvoker.invokeTestMethods(TestInvoker.java:200)
	at org.testng.internal.invokers.TestMethodWorker.invokeTestMethods(TestMethodWorker.java:148)
	at org.testng.internal.invokers.TestMethodWorker.run(TestMethodWorker.java:128)
	at java.base/java.util.ArrayList.forEach(ArrayList.java:1511)
	at org.testng.TestRunner.privateRun(TestRunner.java:848)
	at org.testng.TestRunner.run(TestRunner.java:621)
	at org.testng.SuiteRunner.runTest(SuiteRunner.java:443)
	at org.testng.SuiteRunner.runSequentially(SuiteRunner.java:437)
	at org.testng.SuiteRunner.privateRun(SuiteRunner.java:397)
	at org.testng.SuiteRunner.run(SuiteRunner.java:336)
	at org.testng.SuiteRunnerWorker.runSuite(SuiteRunnerWorker.java:52)
	at org.testng.SuiteRunnerWorker.run(SuiteRunnerWorker.java:95)
	at org.testng.TestNG.runSuitesSequentially(TestNG.java:1280)
	at org.testng.TestNG.runSuitesLocally(TestNG.java:1200)
	at org.testng.TestNG.runSuites(TestNG.java:1114)
	at org.testng.TestNG.run(TestNG.java:1082)
	at org.testng.remote.AbstractRemoteTestNG.run(AbstractRemoteTestNG.java:115)
	at org.testng.remote.RemoteTestNG.initAndRun(RemoteTestNG.java:251)
	at org.testng.remote.RemoteTestNG.main(RemoteTestNG.java:77)
</pre></div></td>
<td>0</td>
<td>NhanVienDaoTest@399f45b1</td></tr>
</table><p>
<table width='100%' border='1' class='invocation-passed'>
<tr><td colspan='4' align='center'><b>PASSED TESTS</b></td></tr>
<tr><td><b>Test method</b></td>
<td><b>Attribute(s)</b></td>
<td width="30%"><b>Exception</b></td>
<td width="10%"><b>Time (seconds)</b></td>
<td><b>Instance</b></td>
</tr>
<tr>
<td title='NhanVienDaoTest.TestLogin()'><b>TestLogin</b><br>Test class: NhanVienDaoTest</td>
<td></td>
<td>0</td>
<td>NhanVienDaoTest@399f45b1</td></tr>
<tr>
<td title='HoaDonDaoTest.TestInsert()'><b>TestInsert</b><br>Test class: HoaDonDaoTest</td>
<td></td>
<td>0</td>
<td>HoaDonDaoTest@72d1ad2e</td></tr>
<tr>
<td title='BoxDaoTest.TestFinByKeyword()'><b>TestFinByKeyword</b><br>Test class: BoxDaoTest</td>
<td></td>
<td>0</td>
<td>BoxDaoTest@515aebb0</td></tr>
<tr>
<td title='NhanVienDaoTest.insert()'><b>insert</b><br>Test class: NhanVienDaoTest<br>Parameters: NV10, Phạm Thị Ngân, Sat Feb 02 00:00:00 ICT 2002, 0964909321, Cần Thơ, null, no image, Thu Feb 02 00:00:00 ICT 2023, User, false, 0</td>
<td></td>
<td>0</td>
<td>NhanVienDaoTest@399f45b1</td></tr>
<tr>
<td title='NhanVienDaoTest.TestGetMaxId()'><b>TestGetMaxId</b><br>Test class: NhanVienDaoTest</td>
<td></td>
<td>0</td>
<td>NhanVienDaoTest@399f45b1</td></tr>
<tr>
<td title='SanPhamDaoTest.TestDelete()'><b>TestDelete</b><br>Test class: SanPhamDaoTest</td>
<td></td>
<td>0</td>
<td>SanPhamDaoTest@38c6f217</td></tr>
<tr>
<td title='NhanVienDaoTest.insert()'><b>insert</b><br>Test class: NhanVienDaoTest<br>Parameters: null, Phạm Thị Ngân, Sat Feb 02 00:00:00 ICT 2002, 0964909321, Cần Thơ, 123456, no image, Thu Feb 02 00:00:00 ICT 2023, User, false, 0</td>
<td></td>
<td>0</td>
<td>NhanVienDaoTest@399f45b1</td></tr>
<tr>
<td title='HoaDonDaoTest.TestSelectById()'><b>TestSelectById</b><br>Test class: HoaDonDaoTest</td>
<td></td>
<td>0</td>
<td>HoaDonDaoTest@72d1ad2e</td></tr>
<tr>
<td title='ComboDaoTest.TestSelectById()'><b>TestSelectById</b><br>Test class: ComboDaoTest</td>
<td></td>
<td>0</td>
<td>ComboDaoTest@595b007d</td></tr>
<tr>
<td title='BoxDaoTest.TestInsert()'><b>TestInsert</b><br>Test class: BoxDaoTest</td>
<td><div><pre>java.lang.RuntimeException: com.microsoft.sqlserver.jdbc.SQLServerException: Cannot insert the value NULL into column &apos;MaBox&apos;, table &apos;BoxCF.dbo.Box&apos;; column does not allow nulls. INSERT fails.
	at com.box.utils.JdbcHelper.update(JdbcHelper.java:66)
	at com.boxcf.dao.BoxDao.insert(BoxDao.java:31)
	at BoxDaoTest.TestInsert(BoxDaoTest.java:54)
	at java.base/java.util.ArrayList.forEach(ArrayList.java:1511)
Caused by: com.microsoft.sqlserver.jdbc.SQLServerException: Cannot insert the value NULL into column &apos;MaBox&apos;, table &apos;BoxCF.dbo.Box&apos;; column does not allow nulls. INSERT fails.
	at com.microsoft.sqlserver.jdbc.SQLServerException.makeFromDatabaseError(SQLServerException.java:265)
	at com.microsoft.sqlserver.jdbc.SQLServerStatement.getNextResult(SQLServerStatement.java:1673)
	at com.microsoft.sqlserver.jdbc.SQLServerPreparedStatement.doExecutePreparedStatement(SQLServerPreparedStatement.java:620)
	at com.microsoft.sqlserver.jdbc.SQLServerPreparedStatement$PrepStmtExecCmd.doExecute(SQLServerPreparedStatement.java:540)
	at com.microsoft.sqlserver.jdbc.TDSCommand.execute(IOBuffer.java:7627)
	at com.microsoft.sqlserver.jdbc.SQLServerConnection.executeCommand(SQLServerConnection.java:3912)
	at com.microsoft.sqlserver.jdbc.SQLServerStatement.executeCommand(SQLServerStatement.java:268)
	at com.microsoft.sqlserver.jdbc.SQLServerStatement.executeStatement(SQLServerStatement.java:242)
	at com.microsoft.sqlserver.jdbc.SQLServerPreparedStatement.executeUpdate(SQLServerPreparedStatement.java:486)
	at com.box.utils.JdbcHelper.update(JdbcHelper.java:61)
	... 28 more
... Removed 25 stack frames</pre></div><a href='#' onClick='toggleBox("stack-trace1077873186", this, "Click to show all stack frames", "Click to hide stack frames")'>Click to show all stack frames</a>
<div class='stack-trace' id='stack-trace1077873186'><pre>java.lang.RuntimeException: com.microsoft.sqlserver.jdbc.SQLServerException: Cannot insert the value NULL into column &apos;MaBox&apos;, table &apos;BoxCF.dbo.Box&apos;; column does not allow nulls. INSERT fails.
	at com.box.utils.JdbcHelper.update(JdbcHelper.java:66)
	at com.boxcf.dao.BoxDao.insert(BoxDao.java:31)
	at BoxDaoTest.TestInsert(BoxDaoTest.java:54)
	at java.base/jdk.internal.reflect.DirectMethodHandleAccessor.invoke(DirectMethodHandleAccessor.java:104)
	at java.base/java.lang.reflect.Method.invoke(Method.java:577)
	at org.testng.internal.invokers.MethodInvocationHelper.invokeMethod(MethodInvocationHelper.java:139)
	at org.testng.internal.invokers.TestInvoker.invokeMethod(TestInvoker.java:664)
	at org.testng.internal.invokers.TestInvoker.invokeTestMethod(TestInvoker.java:227)
	at org.testng.internal.invokers.MethodRunner.runInSequence(MethodRunner.java:50)
	at org.testng.internal.invokers.TestInvoker$MethodInvocationAgent.invoke(TestInvoker.java:957)
	at org.testng.internal.invokers.TestInvoker.invokeTestMethods(TestInvoker.java:200)
	at org.testng.internal.invokers.TestMethodWorker.invokeTestMethods(TestMethodWorker.java:148)
	at org.testng.internal.invokers.TestMethodWorker.run(TestMethodWorker.java:128)
	at java.base/java.util.ArrayList.forEach(ArrayList.java:1511)
	at org.testng.TestRunner.privateRun(TestRunner.java:848)
	at org.testng.TestRunner.run(TestRunner.java:621)
	at org.testng.SuiteRunner.runTest(SuiteRunner.java:443)
	at org.testng.SuiteRunner.runSequentially(SuiteRunner.java:437)
	at org.testng.SuiteRunner.privateRun(SuiteRunner.java:397)
	at org.testng.SuiteRunner.run(SuiteRunner.java:336)
	at org.testng.SuiteRunnerWorker.runSuite(SuiteRunnerWorker.java:52)
	at org.testng.SuiteRunnerWorker.run(SuiteRunnerWorker.java:95)
	at org.testng.TestNG.runSuitesSequentially(TestNG.java:1280)
	at org.testng.TestNG.runSuitesLocally(TestNG.java:1200)
	at org.testng.TestNG.runSuites(TestNG.java:1114)
	at org.testng.TestNG.run(TestNG.java:1082)
	at org.testng.remote.AbstractRemoteTestNG.run(AbstractRemoteTestNG.java:115)
	at org.testng.remote.RemoteTestNG.initAndRun(RemoteTestNG.java:251)
	at org.testng.remote.RemoteTestNG.main(RemoteTestNG.java:77)
Caused by: com.microsoft.sqlserver.jdbc.SQLServerException: Cannot insert the value NULL into column &apos;MaBox&apos;, table &apos;BoxCF.dbo.Box&apos;; column does not allow nulls. INSERT fails.
	at com.microsoft.sqlserver.jdbc.SQLServerException.makeFromDatabaseError(SQLServerException.java:265)
	at com.microsoft.sqlserver.jdbc.SQLServerStatement.getNextResult(SQLServerStatement.java:1673)
	at com.microsoft.sqlserver.jdbc.SQLServerPreparedStatement.doExecutePreparedStatement(SQLServerPreparedStatement.java:620)
	at com.microsoft.sqlserver.jdbc.SQLServerPreparedStatement$PrepStmtExecCmd.doExecute(SQLServerPreparedStatement.java:540)
	at com.microsoft.sqlserver.jdbc.TDSCommand.execute(IOBuffer.java:7627)
	at com.microsoft.sqlserver.jdbc.SQLServerConnection.executeCommand(SQLServerConnection.java:3912)
	at com.microsoft.sqlserver.jdbc.SQLServerStatement.executeCommand(SQLServerStatement.java:268)
	at com.microsoft.sqlserver.jdbc.SQLServerStatement.executeStatement(SQLServerStatement.java:242)
	at com.microsoft.sqlserver.jdbc.SQLServerPreparedStatement.executeUpdate(SQLServerPreparedStatement.java:486)
	at com.box.utils.JdbcHelper.update(JdbcHelper.java:61)
	... 28 more
</pre></div></td>
<td>0</td>
<td>BoxDaoTest@515aebb0</td></tr>
<tr>
<td title='NhanVienDaoTest.TestFinByKeyword()'><b>TestFinByKeyword</b><br>Test class: NhanVienDaoTest</td>
<td></td>
<td>0</td>
<td>NhanVienDaoTest@399f45b1</td></tr>
<tr>
<td title='NhanVienDaoTest.insert()'><b>insert</b><br>Test class: NhanVienDaoTest<br>Parameters: NV10, Phạm Thị Ngân, Sat Feb 02 00:00:00 ICT 2002, null, Cần Thơ, 123456, no image, Thu Feb 02 00:00:00 ICT 2023, User, false, 0</td>
<td></td>
<td>0</td>
<td>NhanVienDaoTest@399f45b1</td></tr>
<tr>
<td title='SanPhamDaoTest.TestGetEqua()'><b>TestGetEqua</b><br>Test class: SanPhamDaoTest</td>
<td></td>
<td>0</td>
<td>SanPhamDaoTest@38c6f217</td></tr>
<tr>
<td title='KhuyenMaiDaoTest.TestSelectAll()'><b>TestSelectAll</b><br>Test class: KhuyenMaiDaoTest</td>
<td></td>
<td>0</td>
<td>KhuyenMaiDaoTest@2d7275fc</td></tr>
<tr>
<td title='ComboDaoTest.TestPagination()'><b>TestPagination</b><br>Test class: ComboDaoTest</td>
<td></td>
<td>0</td>
<td>ComboDaoTest@595b007d</td></tr>
<tr>
<td title='ComboDaoTest.TestSelectAll()'><b>TestSelectAll</b><br>Test class: ComboDaoTest</td>
<td></td>
<td>0</td>
<td>ComboDaoTest@595b007d</td></tr>
<tr>
<td title='BoxDaoTest.TestSelectAll()'><b>TestSelectAll</b><br>Test class: BoxDaoTest</td>
<td></td>
<td>0</td>
<td>BoxDaoTest@515aebb0</td></tr>
<tr>
<td title='ComboDaoTest.TestSelectByKeyWord()'><b>TestSelectByKeyWord</b><br>Test class: ComboDaoTest</td>
<td></td>
<td>0</td>
<td>ComboDaoTest@595b007d</td></tr>
<tr>
<td title='SanPhamDaoTest.TestSelectByKeyWordType1()'><b>TestSelectByKeyWordType1</b><br>Test class: SanPhamDaoTest</td>
<td></td>
<td>0</td>
<td>SanPhamDaoTest@38c6f217</td></tr>
<tr>
<td title='NhanVienDaoTest.TestSelectAll()'><b>TestSelectAll</b><br>Test class: NhanVienDaoTest</td>
<td></td>
<td>0</td>
<td>NhanVienDaoTest@399f45b1</td></tr>
<tr>
<td title='SanPhamDaoTest.TestInsertSuccessfuly()'><b>TestInsertSuccessfuly</b><br>Test class: SanPhamDaoTest</td>
<td></td>
<td>0</td>
<td>SanPhamDaoTest@38c6f217</td></tr>
<tr>
<td title='ComboDaoTest.TestSelectByMaLoaiBox()'><b>TestSelectByMaLoaiBox</b><br>Test class: ComboDaoTest</td>
<td></td>
<td>0</td>
<td>ComboDaoTest@595b007d</td></tr>
<tr>
<td title='BoxDaoTest.TestUpdate()'><b>TestUpdate</b><br>Test class: BoxDaoTest<br>Parameters: B009S</td>
<td></td>
<td>0</td>
<td>BoxDaoTest@515aebb0</td></tr>
<tr>
<td title='NhanVienDaoTest.TestFindById()'><b>TestFindById</b><br>Test class: NhanVienDaoTest</td>
<td></td>
<td>0</td>
<td>NhanVienDaoTest@399f45b1</td></tr>
<tr>
<td title='BoxDaoTest.insert()'><b>insert</b><br>Test class: BoxDaoTest<br>Parameters: B002S, null, box1.jpg, Mới, S, 0</td>
<td></td>
<td>0</td>
<td>BoxDaoTest@515aebb0</td></tr>
<tr>
<td title='SanPhamDaoTest.TestSelectByKeyWordType0()'><b>TestSelectByKeyWordType0</b><br>Test class: SanPhamDaoTest</td>
<td></td>
<td>0</td>
<td>SanPhamDaoTest@38c6f217</td></tr>
<tr>
<td title='ComboDaoTest.TestInsert()'><b>TestInsert</b><br>Test class: ComboDaoTest</td>
<td></td>
<td>0</td>
<td>ComboDaoTest@595b007d</td></tr>
<tr>
<td title='ComboDaoTest.TestUpdate()'><b>TestUpdate</b><br>Test class: ComboDaoTest</td>
<td></td>
<td>0</td>
<td>ComboDaoTest@595b007d</td></tr>
<tr>
<td title='BoxDaoTest.TestFindByBoxType()'><b>TestFindByBoxType</b><br>Test class: BoxDaoTest</td>
<td></td>
<td>0</td>
<td>BoxDaoTest@515aebb0</td></tr>
<tr>
<td title='ComboDaoTest.TestDelete()'><b>TestDelete</b><br>Test class: ComboDaoTest</td>
<td></td>
<td>0</td>
<td>ComboDaoTest@595b007d</td></tr>
<tr>
<td title='KhuyenMaiDaoTest.TestUpdate()'><b>TestUpdate</b><br>Test class: KhuyenMaiDaoTest</td>
<td></td>
<td>0</td>
<td>KhuyenMaiDaoTest@2d7275fc</td></tr>
<tr>
<td title='SanPhamDaoTest.TestGet()'><b>TestGet</b><br>Test class: SanPhamDaoTest</td>
<td></td>
<td>0</td>
<td>SanPhamDaoTest@38c6f217</td></tr>
<tr>
<td title='HoaDonDaoTest.TestSelectAll()'><b>TestSelectAll</b><br>Test class: HoaDonDaoTest</td>
<td></td>
<td>0</td>
<td>HoaDonDaoTest@72d1ad2e</td></tr>
<tr>
<td title='HoaDonDaoTest.TestNextId()'><b>TestNextId</b><br>Test class: HoaDonDaoTest</td>
<td></td>
<td>0</td>
<td>HoaDonDaoTest@72d1ad2e</td></tr>
<tr>
<td title='NhanVienDaoTest.TestUpdate()'><b>TestUpdate</b><br>Test class: NhanVienDaoTest</td>
<td></td>
<td>0</td>
<td>NhanVienDaoTest@399f45b1</td></tr>
<tr>
<td title='BoxDaoTest.TestFindById()'><b>TestFindById</b><br>Test class: BoxDaoTest</td>
<td></td>
<td>0</td>
<td>BoxDaoTest@515aebb0</td></tr>
<tr>
<td title='KhuyenMaiDaoTest.TestInsert()'><b>TestInsert</b><br>Test class: KhuyenMaiDaoTest</td>
<td></td>
<td>0</td>
<td>KhuyenMaiDaoTest@2d7275fc</td></tr>
<tr>
<td title='SanPhamDaoTest.TestSelectAll()'><b>TestSelectAll</b><br>Test class: SanPhamDaoTest</td>
<td></td>
<td>0</td>
<td>SanPhamDaoTest@38c6f217</td></tr>
<tr>
<td title='SanPhamDaoTest.TestSelectByTenDanhMuc()'><b>TestSelectByTenDanhMuc</b><br>Test class: SanPhamDaoTest</td>
<td></td>
<td>0</td>
<td>SanPhamDaoTest@38c6f217</td></tr>
<tr>
<td title='ComboDaoTest.TestMaxId()'><b>TestMaxId</b><br>Test class: ComboDaoTest</td>
<td></td>
<td>0</td>
<td>ComboDaoTest@595b007d</td></tr>
<tr>
<td title='SanPhamDaoTest.TestUpdate()'><b>TestUpdate</b><br>Test class: SanPhamDaoTest</td>
<td></td>
<td>0</td>
<td>SanPhamDaoTest@38c6f217</td></tr>
<tr>
<td title='SanPhamDaoTest.TestSelectByTenLoaiSP()'><b>TestSelectByTenLoaiSP</b><br>Test class: SanPhamDaoTest</td>
<td></td>
<td>0</td>
<td>SanPhamDaoTest@38c6f217</td></tr>
<tr>
<td title='KhuyenMaiDaoTest.insert()'><b>insert</b><br>Test class: KhuyenMaiDaoTest<br>Parameters: KM10, null, Sat Jan 07 00:00:00 ICT 2023, Sun Jan 08 00:00:00 ICT 2023, 100, 10, 500000, 0</td>
<td></td>
<td>0</td>
<td>KhuyenMaiDaoTest@2d7275fc</td></tr>
<tr>
<td title='BoxDaoTest.insert()'><b>insert</b><br>Test class: BoxDaoTest<br>Parameters: B002S, Box 1, box1.jpg, Moi, S, 1</td>
<td></td>
<td>0</td>
<td>BoxDaoTest@515aebb0</td></tr>
<tr>
<td title='BoxDaoTest.insert()'><b>insert</b><br>Test class: BoxDaoTest<br>Parameters: null, Box 1, box1.jpg, Mới, S, 0</td>
<td></td>
<td>0</td>
<td>BoxDaoTest@515aebb0</td></tr>
<tr>
<td title='NhanVienDaoTest.insert()'><b>insert</b><br>Test class: NhanVienDaoTest<br>Parameters: NV10, null, Sat Feb 02 00:00:00 ICT 2002, 0964909321, Cần Thơ, 123456, no image, Thu Feb 02 00:00:00 ICT 2023, User, false, 0</td>
<td></td>
<td>0</td>
<td>NhanVienDaoTest@399f45b1</td></tr>
<tr>
<td title='SanPhamDaoTest.TestInsertFailure()'><b>TestInsertFailure</b><br>Test class: SanPhamDaoTest</td>
<td><div><pre>java.lang.Error: com.microsoft.sqlserver.jdbc.SQLServerException: Violation of PRIMARY KEY constraint &apos;PK__SanPham__2725081C40FF9F30&apos;. Cannot insert duplicate key in object &apos;dbo.SanPham&apos;. The duplicate key value is (TS004).
	at com.boxcf.dao.SanPhamDao.insertTest(SanPhamDao.java:102)
	at SanPhamDaoTest.TestInsertFailure(SanPhamDaoTest.java:35)
	at java.base/java.util.ArrayList.forEach(ArrayList.java:1511)
... Removed 25 stack frames</pre></div><a href='#' onClick='toggleBox("stack-trace867288517", this, "Click to show all stack frames", "Click to hide stack frames")'>Click to show all stack frames</a>
<div class='stack-trace' id='stack-trace867288517'><pre>java.lang.Error: com.microsoft.sqlserver.jdbc.SQLServerException: Violation of PRIMARY KEY constraint &apos;PK__SanPham__2725081C40FF9F30&apos;. Cannot insert duplicate key in object &apos;dbo.SanPham&apos;. The duplicate key value is (TS004).
	at com.boxcf.dao.SanPhamDao.insertTest(SanPhamDao.java:102)
	at SanPhamDaoTest.TestInsertFailure(SanPhamDaoTest.java:35)
	at java.base/jdk.internal.reflect.DirectMethodHandleAccessor.invoke(DirectMethodHandleAccessor.java:104)
	at java.base/java.lang.reflect.Method.invoke(Method.java:577)
	at org.testng.internal.invokers.MethodInvocationHelper.invokeMethod(MethodInvocationHelper.java:139)
	at org.testng.internal.invokers.TestInvoker.invokeMethod(TestInvoker.java:664)
	at org.testng.internal.invokers.TestInvoker.invokeTestMethod(TestInvoker.java:227)
	at org.testng.internal.invokers.MethodRunner.runInSequence(MethodRunner.java:50)
	at org.testng.internal.invokers.TestInvoker$MethodInvocationAgent.invoke(TestInvoker.java:957)
	at org.testng.internal.invokers.TestInvoker.invokeTestMethods(TestInvoker.java:200)
	at org.testng.internal.invokers.TestMethodWorker.invokeTestMethods(TestMethodWorker.java:148)
	at org.testng.internal.invokers.TestMethodWorker.run(TestMethodWorker.java:128)
	at java.base/java.util.ArrayList.forEach(ArrayList.java:1511)
	at org.testng.TestRunner.privateRun(TestRunner.java:848)
	at org.testng.TestRunner.run(TestRunner.java:621)
	at org.testng.SuiteRunner.runTest(SuiteRunner.java:443)
	at org.testng.SuiteRunner.runSequentially(SuiteRunner.java:437)
	at org.testng.SuiteRunner.privateRun(SuiteRunner.java:397)
	at org.testng.SuiteRunner.run(SuiteRunner.java:336)
	at org.testng.SuiteRunnerWorker.runSuite(SuiteRunnerWorker.java:52)
	at org.testng.SuiteRunnerWorker.run(SuiteRunnerWorker.java:95)
	at org.testng.TestNG.runSuitesSequentially(TestNG.java:1280)
	at org.testng.TestNG.runSuitesLocally(TestNG.java:1200)
	at org.testng.TestNG.runSuites(TestNG.java:1114)
	at org.testng.TestNG.run(TestNG.java:1082)
	at org.testng.remote.AbstractRemoteTestNG.run(AbstractRemoteTestNG.java:115)
	at org.testng.remote.RemoteTestNG.initAndRun(RemoteTestNG.java:251)
	at org.testng.remote.RemoteTestNG.main(RemoteTestNG.java:77)
</pre></div></td>
<td>0</td>
<td>SanPhamDaoTest@38c6f217</td></tr>
<tr>
<td title='KhuyenMaiDaoTest.insert()'><b>insert</b><br>Test class: KhuyenMaiDaoTest<br>Parameters: null, Tri ân khách hàng, Sat Jan 07 00:00:00 ICT 2023, Sun Jan 08 00:00:00 ICT 2023, 100, 10, 500000, 0</td>
<td></td>
<td>0</td>
<td>KhuyenMaiDaoTest@2d7275fc</td></tr>
<tr>
<td title='BoxDaoTest.TestPagination()'><b>TestPagination</b><br>Test class: BoxDaoTest</td>
<td></td>
<td>0</td>
<td>BoxDaoTest@515aebb0</td></tr>
<tr>
<td title='SanPhamDaoTest.TestPagination()'><b>TestPagination</b><br>Test class: SanPhamDaoTest</td>
<td></td>
<td>0</td>
<td>SanPhamDaoTest@38c6f217</td></tr>
</table><p>
</body>
</html>